epoch,dense_1_acc,dense_1_loss,dense_2_acc,dense_2_loss,loss
0,0.21087232987767338,2.0125096361931023,0.2186536762030782,2.0038208869394025,4.016330517705608
1,0.27109693272884716,1.783481834050054,0.27493371844922515,1.778606290145888,3.562088123144995
2,0.3249412626908133,1.526532772972721,0.33427456728417865,1.5132782158801157,3.0398109903714428
3,0.36440842368476817,1.3643633894686726,0.36826676438448486,1.352391447445458,2.7167548370348995
4,0.3897139654692497,1.2660510949672439,0.39378785592686183,1.2516322260188895,2.51768332273086
5,0.4071088310755805,1.1960576198651596,0.40859612441596366,1.182662153103721,2.378719771838277
6,0.4276507231713708,1.1374793105349184,0.42458991658417017,1.1297113299588224,2.2671906401442814
7,0.4476321858907551,1.0817505755037113,0.4474813010602765,1.0756277875063827,2.157378364220354
8,0.46677300455002707,1.0314023274561126,0.46625568512683824,1.026471063573375,2.0578733901841044
9,0.48444808484423973,0.9915513118764206,0.4857198284230337,0.9808648617508684,1.9724161723116778
10,0.5078783437207859,0.9538180189367753,0.5109391503079865,0.9430152037101927,1.8968332227613132
11,0.5321276916801934,0.9129540095161133,0.5316750371842607,0.9035483723794965,1.8165023830352067
12,0.5592007414950275,0.8755877227085107,0.5589420817802212,0.8633197465269882,1.7389074700783125
13,0.5887526135434055,0.8270778186856805,0.5869204405888478,0.8183627793845595,1.645440598143472
14,0.6193822343913782,0.7862796888105175,0.6149634643163797,0.7782038652323614,1.564483554041594
15,0.6468001638178174,0.7403235954895359,0.6486323367762292,0.7302407374388289,1.4705643331133726
16,0.6761580410850689,0.6917016634981084,0.6785506434173174,0.688416088374894,1.3801177508760156
17,0.7070678766206023,0.6429010817616759,0.7067229970064279,0.638249767054549,1.281150847510892
18,0.7322440885516956,0.5985176284119509,0.7381717069411163,0.588657259325693,1.1871748881076596
19,0.7624641648537409,0.5478489485293292,0.7667536050723,0.5379994702072453,1.0858484181430077
20,0.7885672407488113,0.5004455281512159,0.7875972668303323,0.49329765720797886,0.9937431845189508
21,0.8148643114262928,0.4481979252308947,0.8151014161632057,0.4398941088809828,0.8880920340347909
22,0.832453171817283,0.4066126300432532,0.8371952665285626,0.3947071594717924,0.8013197889645188
23,0.8519819800400923,0.36874630503756184,0.856012760545772,0.35890678527568026,0.7276530899395728
24,0.8679111072804001,0.331572497065655,0.8670273532645011,0.3287989534338086,0.6603714500562959
25,0.8778910611527516,0.3090644562112469,0.879938783868256,0.3002981905241726,0.6093626474647711
26,0.8930010993037742,0.2733291808842683,0.8928717694492618,0.27184345978614216,0.5451726406148438
27,0.8987562778867502,0.2652913755424181,0.901191990170931,0.2557458802000139,0.5210372555457408
28,0.9100079753423923,0.2362268160570681,0.9103528549565667,0.23315010010931794,0.4693769159303886
29,0.9145129653180437,0.22596816323332852,0.9149656198133339,0.22231406205428983,0.4482822253486854
30,0.9219494320276681,0.208076936223866,0.920850128252107,0.20602729159675495,0.4141042278408863
31,0.926411312051387,0.19606840337930748,0.9272735110900351,0.1951950153408318,0.3912634189687034
32,0.9310671868600866,0.1865612873513456,0.9289547992179684,0.18650994737125948,0.37307123484164767
33,0.9382881038087643,0.1677808197634117,0.9383527687366628,0.16440639063212703,0.3321872098355367
34,0.9379001142426574,0.17043328985797981,0.9388916431358179,0.16632086037510968,0.3367541504917562
35,0.9428362037389176,0.1605233054716831,0.9424266591955598,0.1582003215106757,0.31872362720406305
36,0.94466837669476,0.15097032267760854,0.9474705235703662,0.14616262298938146,0.29713294588260164
37,0.9488715970094541,0.14202044452582835,0.9483973875369129,0.14376533417286078,0.2857857789797139
38,0.9485051624167439,0.1415355842337661,0.9519539585713362,0.13483122286413768,0.27636680694191884
39,0.9539154613855453,0.13110631666740688,0.9532472571305931,0.13240115257976606,0.2635074690096097
40,0.9540663462160239,0.12798066811776893,0.9556829694134891,0.12576544059853398,0.2537461086780683
41,0.9576444722276982,0.12299228843576236,0.9575151423706163,0.11987368400727622,0.24286597258970888
42,0.9584635613131292,0.11580008619271996,0.9589593257603518,0.11609358127312792,0.2318936675301256
43,0.9591533205440476,0.11442979088551782,0.9597999698230336,0.11754589400945581,0.2319756851561898
44,0.9606837238389327,0.11260416168430896,0.9611794882848705,0.11078426936385323,0.2233884308948773
45,0.9625158967947751,0.106979676680051,0.962925441338133,0.1079339990303196,0.2149136758994034
46,0.9637014204729162,0.10555157335946941,0.9631194361218287,0.10818876202642944,0.21374033507248108
47,0.9642402948720712,0.1057134083941196,0.9638307503287133,0.106548420027849,0.21226182826948356
48,0.966158687734348,0.0969329022935841,0.9664173474446576,0.09720404909059022,0.19413695135382178
49,0.9672579915073395,0.0950708195323681,0.9673873213631367,0.09720989292369173,0.1922807121860409
50,0.966352682516759,0.09810999534694982,0.9670208867717113,0.09496801322152561,0.19307800850231163
51,0.9688530597288384,0.09292248456557947,0.969564373935723,0.09019507319550378,0.18311755782682643
52,0.9677537559545621,0.09611529862376278,0.9685728450412778,0.09325776362016355,0.18937306243810575
53,0.9690686094885004,0.09260204204505378,0.9694134891039596,0.09097279111109191,0.18357483331207441
54,0.9717845364602419,0.08516029312016718,0.9718707563641067,0.08509710725486444,0.17025740045317467
55,0.9709007824456276,0.08624861162472759,0.9702972431185739,0.08744741769753613,0.17369602935819606
56,0.9708361175177289,0.0876050336303413,0.9713965468928503,0.08637201705877641,0.17397705065829422
57,0.9714612118220336,0.08529517679638482,0.9731856098980449,0.08169148375560398,0.1669866605589541
58,0.9720647511478024,0.0858948684060501,0.9716552066057295,0.08342868584207527,0.1693235541914346
59,0.973832259177031,0.07877349897398779,0.9725605155950251,0.08271746228517139,0.1614909614839979
60,0.9741555838178089,0.0778714815466082,0.9740909188886254,0.07731666484526142,0.1551881462767673
61,0.9717629814842756,0.08388080903031811,0.9719569762679715,0.08290807096148445,0.16678887990536526
62,0.9727760653546871,0.07900009161054532,0.9732502748259436,0.0801309572698218,0.15913104888467816
63,0.9748453430474425,0.07571979802435715,0.9752117776401527,0.07283252128997003,0.14855231918655276
64,0.9733149397538422,0.08115320345011894,0.9750824477830707,0.07597356852385563,0.15712677200251216
65,0.9743926885521522,0.07741169041005083,0.9759446468217188,0.0744722700078364,0.15188396049074404
66,0.9745651283611667,0.07701874793872784,0.9765697411247386,0.07082730875612858,0.14784605649107416
67,0.9763757463410428,0.07197213654791117,0.9756644321341582,0.07505763568724379,0.14702977216244462
68,0.9756213221835105,0.07455719808341055,0.9762464164852456,0.07396836257349307,0.1485255606900092
69,0.9762033065333132,0.07258021851438409,0.9756859871101243,0.07226435913915807,0.14484457754221325
70,0.9762033065333132,0.07525624168519716,0.9768715107882655,0.07084202019608289,0.14609826181152855
71,0.9762464164865304,0.07269295878651892,0.9772810553316233,0.06926201354110538,0.14195497226409926
72,0.9764835212208738,0.07134207214233676,0.977669044899015,0.06786319406184785,0.13920526621763502
73,0.9781001444183389,0.0685473813657482,0.9781216993943052,0.06979240191389705,0.13833978318832948
74,0.9777983747560969,0.0684862832048039,0.9768499558122993,0.07094060680388739,0.13942688994743166
75,0.9788976785290885,0.06459274796444409,0.9782725842260686,0.06613614388324203,0.13072889194590268
76,0.9785959088655616,0.06817204733444918,0.978315694178001,0.06829932912729374,0.13647137642357876
77,0.9765266311728062,0.07400443376771107,0.9777337098269135,0.06789930583532586,0.14190373960498323
78,0.9786821287694264,0.06650880830069293,0.9789623434569871,0.0679779285880697,0.13448673682644532
79,0.9791347832647167,0.06707290105261501,0.9799107623994999,0.06386914763398993,0.1309420486185171
80,0.9774966050912853,0.0698565095280803,0.9773026103075895,0.06810157134928561,0.13795808123024708
81,0.9795012178561421,0.06559313969044414,0.9779708145625418,0.07036451461424938,0.13595765397728773
82,0.9783803591058996,0.06613630236082024,0.9786821287694264,0.06468339986021146,0.13081970217950953
83,0.9805789666544522,0.06281290154597653,0.9799754273273985,0.06273013387091579,0.1255430354398592
84,0.979070118336818,0.06744561162754485,0.9787899036492574,0.06695410427998691,0.13439971589097646
85,0.9795443278080745,0.06548517291208457,0.9800832022072296,0.06498631516567717,0.1304714882392277
86,0.9793287780484125,0.06391371972643088,0.9802556420149592,0.06233169472555888,0.12624541456287874
87,0.981548940574216,0.05743538406120015,0.9814627206690665,0.057912470423070066,0.11534785449212677
88,0.9799754273273985,0.06188232823237139,0.9799323173754662,0.06244004891449358,0.124322377141224
89,0.9802987519668915,0.06323322105892215,0.9799538723527171,0.06473586186711504,0.1279690829695934
90,0.9801263121604468,0.06330744019260981,0.9807082965115341,0.06175661437537159,0.12506405466259768
91,0.9803849718707563,0.06447367304221313,0.9811178410536072,0.06100804596603817,0.1254817191871751
92,0.9815920505248636,0.05942429153157137,0.9827560192283233,0.05637692087976642,0.11580121253433305
93,0.9783588041299334,0.06780254932057087,0.9801694221110944,0.06269802943624038,0.13050057905924112
94,0.9817860453085595,0.059794949715528976,0.9812256159334383,0.06009640373001708,0.11989135333365675
95,0.9809454012458776,0.061482004387252716,0.9804280818226888,0.06187246494272942,0.12335446936895306
96,0.9809022912939452,0.06040578330266795,0.9816351604767961,0.05892601821121064,0.11933180167173929
97,0.9819800400935401,0.05868017989260519,0.9806867415342831,0.0623204634987164,0.12100064346785289
98,0.979393442976311,0.06636568742602435,0.980665186558317,0.061823993106155405,0.1281896804716955
99,0.9821740348759511,0.05688937351116463,0.9818291552604919,0.058624708606305635,0.11551408208350696
